Determining if the pthread_create exist failed with the following output:
Change Dir: /home/user1/catkin_ws/build/CMakeFiles/CMakeTmp

Run Build Command:"/usr/bin/make" "cmTC_73f54/fast"
/usr/bin/make -f CMakeFiles/cmTC_73f54.dir/build.make CMakeFiles/cmTC_73f54.dir/build
make[1]: вход в каталог «/home/user1/catkin_ws/build/CMakeFiles/CMakeTmp»
Building C object CMakeFiles/cmTC_73f54.dir/CheckSymbolExists.c.o
/usr/bin/cc     -o CMakeFiles/cmTC_73f54.dir/CheckSymbolExists.c.o   -c /home/user1/catkin_ws/build/CMakeFiles/CMakeTmp/CheckSymbolExists.c
Linking C executable cmTC_73f54
/usr/bin/cmake -E cmake_link_script CMakeFiles/cmTC_73f54.dir/link.txt --verbose=1
/usr/bin/cc       CMakeFiles/cmTC_73f54.dir/CheckSymbolExists.c.o  -o cmTC_73f54 -rdynamic 
CMakeFiles/cmTC_73f54.dir/CheckSymbolExists.c.o: In function `main':
CheckSymbolExists.c:(.text+0xa): undefined reference to `pthread_create'
collect2: error: ld returned 1 exit status
CMakeFiles/cmTC_73f54.dir/build.make:97: ошибка выполнения рецепта для цели «cmTC_73f54»
make[1]: *** [cmTC_73f54] Ошибка 1
make[1]: выход из каталога «/home/user1/catkin_ws/build/CMakeFiles/CMakeTmp»
Makefile:126: ошибка выполнения рецепта для цели «cmTC_73f54/fast»
make: *** [cmTC_73f54/fast] Ошибка 2

File /home/user1/catkin_ws/build/CMakeFiles/CMakeTmp/CheckSymbolExists.c:
/* */
#include <pthread.h>

int main(int argc, char** argv)
{
  (void)argv;
#ifndef pthread_create
  return ((int*)(&pthread_create))[argc];
#else
  (void)argc;
  return 0;
#endif
}

Determining if the function pthread_create exists in the pthreads failed with the following output:
Change Dir: /home/user1/catkin_ws/build/CMakeFiles/CMakeTmp

Run Build Command:"/usr/bin/make" "cmTC_4a959/fast"
/usr/bin/make -f CMakeFiles/cmTC_4a959.dir/build.make CMakeFiles/cmTC_4a959.dir/build
make[1]: вход в каталог «/home/user1/catkin_ws/build/CMakeFiles/CMakeTmp»
Building C object CMakeFiles/cmTC_4a959.dir/CheckFunctionExists.c.o
/usr/bin/cc    -DCHECK_FUNCTION_EXISTS=pthread_create   -o CMakeFiles/cmTC_4a959.dir/CheckFunctionExists.c.o   -c /usr/share/cmake-3.5/Modules/CheckFunctionExists.c
Linking C executable cmTC_4a959
/usr/bin/cmake -E cmake_link_script CMakeFiles/cmTC_4a959.dir/link.txt --verbose=1
/usr/bin/cc   -DCHECK_FUNCTION_EXISTS=pthread_create    CMakeFiles/cmTC_4a959.dir/CheckFunctionExists.c.o  -o cmTC_4a959 -rdynamic -lpthreads 
/usr/bin/ld: cannot find -lpthreads
collect2: error: ld returned 1 exit status
CMakeFiles/cmTC_4a959.dir/build.make:97: ошибка выполнения рецепта для цели «cmTC_4a959»
make[1]: *** [cmTC_4a959] Ошибка 1
make[1]: выход из каталога «/home/user1/catkin_ws/build/CMakeFiles/CMakeTmp»
Makefile:126: ошибка выполнения рецепта для цели «cmTC_4a959/fast»
make: *** [cmTC_4a959/fast] Ошибка 2


